  main.cpp
C:\dev\Walnut\src\main.cpp(49,18): warning C4244: 'return': conversion from '__int64' to 'int', possible loss of data
C:\dev\Walnut\src\main.cpp(201,35): warning C4244: '+=': conversion from 'double' to 'unsigned int', possible loss of data
C:\dev\Walnut\src\main.cpp(245,39): warning C4244: '+=': conversion from '_Rep' to 'unsigned int', possible loss of data
          with
          [
              _Rep=__int64
          ]
C:\dev\Walnut\src\main.cpp(277,39): warning C4244: '+=': conversion from '_Rep' to 'unsigned int', possible loss of data
          with
          [
              _Rep=__int64
          ]
C:\dev\Walnut\src\main.cpp(299,33): warning C4244: 'initializing': conversion from 'double' to 'unsigned short', possible loss of data
C:\dev\Walnut\src\main.cpp(309,39): warning C4244: '+=': conversion from '_Rep' to 'unsigned int', possible loss of data
          with
          [
              _Rep=__int64
          ]
C:\dev\Walnut\src\main.cpp(343,39): warning C4244: '+=': conversion from '_Rep' to 'unsigned int', possible loss of data
          with
          [
              _Rep=__int64
          ]
C:\dev\Walnut\src\main.cpp(377,39): warning C4244: '+=': conversion from '_Rep' to 'unsigned int', possible loss of data
          with
          [
              _Rep=__int64
          ]
C:\dev\Walnut\src\main.cpp(411,39): warning C4244: '+=': conversion from '_Rep' to 'unsigned int', possible loss of data
          with
          [
              _Rep=__int64
          ]
C:\dev\Walnut\src\main.cpp(451,39): warning C4244: '+=': conversion from '_Rep' to 'unsigned int', possible loss of data
          with
          [
              _Rep=__int64
          ]
C:\dev\Walnut\src\main.cpp(483,39): warning C4244: '+=': conversion from '_Rep' to 'unsigned int', possible loss of data
          with
          [
              _Rep=__int64
          ]
C:\dev\Walnut\src\main.cpp(515,39): warning C4244: '+=': conversion from '_Rep' to 'unsigned int', possible loss of data
          with
          [
              _Rep=__int64
          ]
  Walnut.vcxproj -> C:\dev\Walnut\x64\Debug\Walnut.exe
